2025-06-30 20:21:07,555 [INFO]: Model loaded successfully for generation.
2025-06-30 20:21:07,555 [INFO]: Interactive generation started.
2025-06-30 20:22:41,834 [INFO]: Model loaded successfully for generation.
2025-06-30 20:22:41,835 [INFO]: Interactive generation started.
2025-06-30 20:25:13,019 [INFO]: Model loaded successfully for generation.
2025-06-30 20:25:26,388 [INFO]: Model loaded successfully for generation.
2025-06-30 20:31:29,778 [INFO]: Model loaded successfully for generation.
2025-06-30 20:31:43,841 [INFO]: Model loaded successfully for generation.
2025-06-30 20:36:59,569 [INFO]: Model loaded successfully for generation.
2025-06-30 20:37:13,269 [INFO]: Model loaded successfully for generation.
2025-07-01 20:20:58,560 [INFO]: Model loaded successfully for generation.
2025-07-01 20:21:14,335 [INFO]: Model loaded successfully for generation.
2025-07-01 20:23:29,402 [INFO]: Model loaded successfully for generation.
2025-07-01 20:23:52,814 [INFO]: Model loaded successfully for generation.
2025-07-01 20:24:08,209 [INFO]: Model loaded successfully for generation.
2025-07-01 20:27:23,854 [INFO]: Model loaded successfully for generation.
2025-07-01 20:27:40,806 [INFO]: Model loaded successfully for generation.
2025-07-01 20:42:20,131 [INFO]: Model loaded successfully for generation.
2025-07-01 20:42:37,059 [INFO]: Model loaded successfully for generation.
2025-07-01 20:50:24,850 [INFO]: Model loaded successfully for generation.
2025-07-01 20:50:41,639 [INFO]: Model loaded successfully for generation.
2025-07-01 20:50:58,489 [INFO]: Cleaned input for generation: program with java. Keywords: Program, Java. Domain: cs.AI
2025-07-01 20:51:00,329 [INFO]: Raw generated abstract: java. Keywords: Program, Java. Domain: cs.AI
2025-07-01 20:51:00,329 [INFO]: Polished abstract: Java. Keywords: Program, Java. Domain: cs.AI.
2025-07-01 20:51:52,242 [INFO]: Cleaned input for generation: But I must explain to you how all this mistaken idea of denouncing pleasure and praising pain was born will give a complete account the system, expound actual teachings great explorer truth, master-builder human happiness. No one rejects, dislikes, or avoids itself, because it is pleasure, but those who do not know pursue rationally encounter consequences that are extremely painful. Nor again there anyone loves pursues desires obtain pain, occasionally circumstances occur in which toil can procure him some pleasure. To take trivial example, us ever undertakes laborious physical exercise, except advantage from it? has any right find fault with man chooses enjoy no annoying consequences, produces resultant pleasure?". Keywords: pleasure. Domain: q-bio
2025-07-01 20:51:57,349 [INFO]: Raw generated abstract: pleasure, but those who do not know pursue rationally encounter consequences that are extremely painful. I must explain to you how all this mistaken idea of denouncing pleasure was born will give complete account the system, expound actual teachings great explorer truth, master-builder human happiness.
2025-07-01 20:51:57,349 [INFO]: Polished abstract: Pleasure, but those who do not know pursue rationally encounter consequences that are extremely painful. I must explain to you how all this mistaken idea of denouncing pleasure was born will give complete account the system, expound actual teachings great explorer truth, master-builder human happiness.
